Log type: Exception
Time: 10/29/2020 10:49:33 AM
Device name: DESKTOP-719H17I
Device model: TM1703 (Timi)
Operating system: Windows 10  (10.0.0) 64bit
System memory size: 8101
Device unique identifier: 3e0c258d62f89201513595ab0c1f714e227c13a2
Battery level: 0.78
Battery status: Discharging
Device type: Desktop
Processor count: 8
Processor frequency: 1992
Navigation state: CasesMenu
Game version: 1.1.0
Log string: InvalidCastException: Specified cast is not valid.
Stack trace: GPGSManager.ShowLeaderboard () (at Assets/Scripts/GPGSManager.cs:87)
TheRichestPlayers.OnButtonClicked () (at Assets/Scripts/Other/TheRichestPlayers.cs:9)
UnityEngine.Events.InvokableCall.Invoke () (at <bb4ed9929fe04849bbe2b059cba4d31f>:0)
UnityEngine.Events.UnityEvent.Invoke () (at <bb4ed9929fe04849bbe2b059cba4d31f>:0)
UnityEngine.UI.Button.Press () (at C:/Program Files/Unity/Hub/Editor/2020.1.11f1/Editor/Data/Resources/PackageManager/BuiltInPackages/com.unity.ugui/Runtime/UI/Core/Button.cs:68)
UnityEngine.UI.Button.OnPointerClick (UnityEngine.EventSystems.PointerEventData eventData) (at C:/Program Files/Unity/Hub/Editor/2020.1.11f1/Editor/Data/Resources/PackageManager/BuiltInPackages/com.unity.ugui/Runtime/UI/Core/Button.cs:110)
UnityEngine.EventSystems.ExecuteEvents.Execute (UnityEngine.EventSystems.IPointerClickHandler handler, UnityEngine.EventSystems.BaseEventData eventData) (at C:/Program Files/Unity/Hub/Editor/2020.1.11f1/Editor/Data/Resources/PackageManager/BuiltInPackages/com.unity.ugui/Runtime/EventSystem/ExecuteEvents.cs:50)
UnityEngine.EventSystems.ExecuteEvents.Execute[T] (UnityEngine.GameObject target, UnityEngine.EventSystems.BaseEventData eventData, UnityEngine.EventSystems.ExecuteEvents+EventFunction`1[T1] functor) (at C:/Program Files/Unity/Hub/Editor/2020.1.11f1/Editor/Data/Resources/PackageManager/BuiltInPackages/com.unity.ugui/Runtime/EventSystem/ExecuteEvents.cs:261)
UnityEngine.EventSystems.EventSystem:Update() (at C:/Program Files/Unity/Hub/Editor/2020.1.11f1/Editor/Data/Resources/PackageManager/BuiltInPackages/com.unity.ugui/Runtime/EventSystem/EventSystem.cs:376)

Log type: Exception
Time: 10/29/2020 10:49:34 AM
Device name: DESKTOP-719H17I
Device model: TM1703 (Timi)
Operating system: Windows 10  (10.0.0) 64bit
System memory size: 8101
Device unique identifier: 3e0c258d62f89201513595ab0c1f714e227c13a2
Battery level: 0.78
Battery status: Discharging
Device type: Desktop
Processor count: 8
Processor frequency: 1992
Navigation state: CasesMenu
Game version: 1.1.0
Log string: InvalidCastException: Specified cast is not valid.
Stack trace: GPGSManager.ShowLeaderboard () (at Assets/Scripts/GPGSManager.cs:87)
TheRichestPlayers.OnButtonClicked () (at Assets/Scripts/Other/TheRichestPlayers.cs:9)
UnityEngine.Events.InvokableCall.Invoke () (at <bb4ed9929fe04849bbe2b059cba4d31f>:0)
UnityEngine.Events.UnityEvent.Invoke () (at <bb4ed9929fe04849bbe2b059cba4d31f>:0)
UnityEngine.UI.Button.Press () (at C:/Program Files/Unity/Hub/Editor/2020.1.11f1/Editor/Data/Resources/PackageManager/BuiltInPackages/com.unity.ugui/Runtime/UI/Core/Button.cs:68)
UnityEngine.UI.Button.OnPointerClick (UnityEngine.EventSystems.PointerEventData eventData) (at C:/Program Files/Unity/Hub/Editor/2020.1.11f1/Editor/Data/Resources/PackageManager/BuiltInPackages/com.unity.ugui/Runtime/UI/Core/Button.cs:110)
UnityEngine.EventSystems.ExecuteEvents.Execute (UnityEngine.EventSystems.IPointerClickHandler handler, UnityEngine.EventSystems.BaseEventData eventData) (at C:/Program Files/Unity/Hub/Editor/2020.1.11f1/Editor/Data/Resources/PackageManager/BuiltInPackages/com.unity.ugui/Runtime/EventSystem/ExecuteEvents.cs:50)
UnityEngine.EventSystems.ExecuteEvents.Execute[T] (UnityEngine.GameObject target, UnityEngine.EventSystems.BaseEventData eventData, UnityEngine.EventSystems.ExecuteEvents+EventFunction`1[T1] functor) (at C:/Program Files/Unity/Hub/Editor/2020.1.11f1/Editor/Data/Resources/PackageManager/BuiltInPackages/com.unity.ugui/Runtime/EventSystem/ExecuteEvents.cs:261)
UnityEngine.EventSystems.EventSystem:Update() (at C:/Program Files/Unity/Hub/Editor/2020.1.11f1/Editor/Data/Resources/PackageManager/BuiltInPackages/com.unity.ugui/Runtime/EventSystem/EventSystem.cs:376)

Log type: Exception
Time: 10/29/2020 10:49:39 AM
Device name: DESKTOP-719H17I
Device model: TM1703 (Timi)
Operating system: Windows 10  (10.0.0) 64bit
System memory size: 8101
Device unique identifier: 3e0c258d62f89201513595ab0c1f714e227c13a2
Battery level: 0.78
Battery status: Discharging
Device type: Desktop
Processor count: 8
Processor frequency: 1992
Navigation state: CasesMenu
Game version: 1.1.0
Log string: InvalidCastException: Specified cast is not valid.
Stack trace: GPGSManager.ShowLeaderboard () (at Assets/Scripts/GPGSManager.cs:87)
TheRichestPlayers.OnButtonClicked () (at Assets/Scripts/Other/TheRichestPlayers.cs:9)
UnityEngine.Events.InvokableCall.Invoke () (at <bb4ed9929fe04849bbe2b059cba4d31f>:0)
UnityEngine.Events.UnityEvent.Invoke () (at <bb4ed9929fe04849bbe2b059cba4d31f>:0)
UnityEngine.UI.Button.Press () (at C:/Program Files/Unity/Hub/Editor/2020.1.11f1/Editor/Data/Resources/PackageManager/BuiltInPackages/com.unity.ugui/Runtime/UI/Core/Button.cs:68)
UnityEngine.UI.Button.OnPointerClick (UnityEngine.EventSystems.PointerEventData eventData) (at C:/Program Files/Unity/Hub/Editor/2020.1.11f1/Editor/Data/Resources/PackageManager/BuiltInPackages/com.unity.ugui/Runtime/UI/Core/Button.cs:110)
UnityEngine.EventSystems.ExecuteEvents.Execute (UnityEngine.EventSystems.IPointerClickHandler handler, UnityEngine.EventSystems.BaseEventData eventData) (at C:/Program Files/Unity/Hub/Editor/2020.1.11f1/Editor/Data/Resources/PackageManager/BuiltInPackages/com.unity.ugui/Runtime/EventSystem/ExecuteEvents.cs:50)
UnityEngine.EventSystems.ExecuteEvents.Execute[T] (UnityEngine.GameObject target, UnityEngine.EventSystems.BaseEventData eventData, UnityEngine.EventSystems.ExecuteEvents+EventFunction`1[T1] functor) (at C:/Program Files/Unity/Hub/Editor/2020.1.11f1/Editor/Data/Resources/PackageManager/BuiltInPackages/com.unity.ugui/Runtime/EventSystem/ExecuteEvents.cs:261)
UnityEngine.EventSystems.EventSystem:Update() (at C:/Program Files/Unity/Hub/Editor/2020.1.11f1/Editor/Data/Resources/PackageManager/BuiltInPackages/com.unity.ugui/Runtime/EventSystem/EventSystem.cs:376)

Log type: Exception
Time: 10/29/2020 10:49:39 AM
Device name: DESKTOP-719H17I
Device model: TM1703 (Timi)
Operating system: Windows 10  (10.0.0) 64bit
System memory size: 8101
Device unique identifier: 3e0c258d62f89201513595ab0c1f714e227c13a2
Battery level: 0.78
Battery status: Discharging
Device type: Desktop
Processor count: 8
Processor frequency: 1992
Navigation state: CasesMenu
Game version: 1.1.0
Log string: InvalidCastException: Specified cast is not valid.
Stack trace: GPGSManager.ShowLeaderboard () (at Assets/Scripts/GPGSManager.cs:87)
TheRichestPlayers.OnButtonClicked () (at Assets/Scripts/Other/TheRichestPlayers.cs:9)
UnityEngine.Events.InvokableCall.Invoke () (at <bb4ed9929fe04849bbe2b059cba4d31f>:0)
UnityEngine.Events.UnityEvent.Invoke () (at <bb4ed9929fe04849bbe2b059cba4d31f>:0)
UnityEngine.UI.Button.Press () (at C:/Program Files/Unity/Hub/Editor/2020.1.11f1/Editor/Data/Resources/PackageManager/BuiltInPackages/com.unity.ugui/Runtime/UI/Core/Button.cs:68)
UnityEngine.UI.Button.OnPointerClick (UnityEngine.EventSystems.PointerEventData eventData) (at C:/Program Files/Unity/Hub/Editor/2020.1.11f1/Editor/Data/Resources/PackageManager/BuiltInPackages/com.unity.ugui/Runtime/UI/Core/Button.cs:110)
UnityEngine.EventSystems.ExecuteEvents.Execute (UnityEngine.EventSystems.IPointerClickHandler handler, UnityEngine.EventSystems.BaseEventData eventData) (at C:/Program Files/Unity/Hub/Editor/2020.1.11f1/Editor/Data/Resources/PackageManager/BuiltInPackages/com.unity.ugui/Runtime/EventSystem/ExecuteEvents.cs:50)
UnityEngine.EventSystems.ExecuteEvents.Execute[T] (UnityEngine.GameObject target, UnityEngine.EventSystems.BaseEventData eventData, UnityEngine.EventSystems.ExecuteEvents+EventFunction`1[T1] functor) (at C:/Program Files/Unity/Hub/Editor/2020.1.11f1/Editor/Data/Resources/PackageManager/BuiltInPackages/com.unity.ugui/Runtime/EventSystem/ExecuteEvents.cs:261)
UnityEngine.EventSystems.EventSystem:Update() (at C:/Program Files/Unity/Hub/Editor/2020.1.11f1/Editor/Data/Resources/PackageManager/BuiltInPackages/com.unity.ugui/Runtime/EventSystem/EventSystem.cs:376)

Log type: Exception
Time: 10/29/2020 10:49:39 AM
Device name: DESKTOP-719H17I
Device model: TM1703 (Timi)
Operating system: Windows 10  (10.0.0) 64bit
System memory size: 8101
Device unique identifier: 3e0c258d62f89201513595ab0c1f714e227c13a2
Battery level: 0.78
Battery status: Discharging
Device type: Desktop
Processor count: 8
Processor frequency: 1992
Navigation state: CasesMenu
Game version: 1.1.0
Log string: InvalidCastException: Specified cast is not valid.
Stack trace: GPGSManager.ShowLeaderboard () (at Assets/Scripts/GPGSManager.cs:87)
TheRichestPlayers.OnButtonClicked () (at Assets/Scripts/Other/TheRichestPlayers.cs:9)
UnityEngine.Events.InvokableCall.Invoke () (at <bb4ed9929fe04849bbe2b059cba4d31f>:0)
UnityEngine.Events.UnityEvent.Invoke () (at <bb4ed9929fe04849bbe2b059cba4d31f>:0)
UnityEngine.UI.Button.Press () (at C:/Program Files/Unity/Hub/Editor/2020.1.11f1/Editor/Data/Resources/PackageManager/BuiltInPackages/com.unity.ugui/Runtime/UI/Core/Button.cs:68)
UnityEngine.UI.Button.OnPointerClick (UnityEngine.EventSystems.PointerEventData eventData) (at C:/Program Files/Unity/Hub/Editor/2020.1.11f1/Editor/Data/Resources/PackageManager/BuiltInPackages/com.unity.ugui/Runtime/UI/Core/Button.cs:110)
UnityEngine.EventSystems.ExecuteEvents.Execute (UnityEngine.EventSystems.IPointerClickHandler handler, UnityEngine.EventSystems.BaseEventData eventData) (at C:/Program Files/Unity/Hub/Editor/2020.1.11f1/Editor/Data/Resources/PackageManager/BuiltInPackages/com.unity.ugui/Runtime/EventSystem/ExecuteEvents.cs:50)
UnityEngine.EventSystems.ExecuteEvents.Execute[T] (UnityEngine.GameObject target, UnityEngine.EventSystems.BaseEventData eventData, UnityEngine.EventSystems.ExecuteEvents+EventFunction`1[T1] functor) (at C:/Program Files/Unity/Hub/Editor/2020.1.11f1/Editor/Data/Resources/PackageManager/BuiltInPackages/com.unity.ugui/Runtime/EventSystem/ExecuteEvents.cs:261)
UnityEngine.EventSystems.EventSystem:Update() (at C:/Program Files/Unity/Hub/Editor/2020.1.11f1/Editor/Data/Resources/PackageManager/BuiltInPackages/com.unity.ugui/Runtime/EventSystem/EventSystem.cs:376)

Log type: Exception
Time: 10/29/2020 10:49:40 AM
Device name: DESKTOP-719H17I
Device model: TM1703 (Timi)
Operating system: Windows 10  (10.0.0) 64bit
System memory size: 8101
Device unique identifier: 3e0c258d62f89201513595ab0c1f714e227c13a2
Battery level: 0.78
Battery status: Discharging
Device type: Desktop
Processor count: 8
Processor frequency: 1992
Navigation state: CasesMenu
Game version: 1.1.0
Log string: InvalidCastException: Specified cast is not valid.
Stack trace: GPGSManager.ShowLeaderboard () (at Assets/Scripts/GPGSManager.cs:87)
TheRichestPlayers.OnButtonClicked () (at Assets/Scripts/Other/TheRichestPlayers.cs:9)
UnityEngine.Events.InvokableCall.Invoke () (at <bb4ed9929fe04849bbe2b059cba4d31f>:0)
UnityEngine.Events.UnityEvent.Invoke () (at <bb4ed9929fe04849bbe2b059cba4d31f>:0)
UnityEngine.UI.Button.Press () (at C:/Program Files/Unity/Hub/Editor/2020.1.11f1/Editor/Data/Resources/PackageManager/BuiltInPackages/com.unity.ugui/Runtime/UI/Core/Button.cs:68)
UnityEngine.UI.Button.OnPointerClick (UnityEngine.EventSystems.PointerEventData eventData) (at C:/Program Files/Unity/Hub/Editor/2020.1.11f1/Editor/Data/Resources/PackageManager/BuiltInPackages/com.unity.ugui/Runtime/UI/Core/Button.cs:110)
UnityEngine.EventSystems.ExecuteEvents.Execute (UnityEngine.EventSystems.IPointerClickHandler handler, UnityEngine.EventSystems.BaseEventData eventData) (at C:/Program Files/Unity/Hub/Editor/2020.1.11f1/Editor/Data/Resources/PackageManager/BuiltInPackages/com.unity.ugui/Runtime/EventSystem/ExecuteEvents.cs:50)
UnityEngine.EventSystems.ExecuteEvents.Execute[T] (UnityEngine.GameObject target, UnityEngine.EventSystems.BaseEventData eventData, UnityEngine.EventSystems.ExecuteEvents+EventFunction`1[T1] functor) (at C:/Program Files/Unity/Hub/Editor/2020.1.11f1/Editor/Data/Resources/PackageManager/BuiltInPackages/com.unity.ugui/Runtime/EventSystem/ExecuteEvents.cs:261)
UnityEngine.EventSystems.EventSystem:Update() (at C:/Program Files/Unity/Hub/Editor/2020.1.11f1/Editor/Data/Resources/PackageManager/BuiltInPackages/com.unity.ugui/Runtime/EventSystem/EventSystem.cs:376)

Log type: Exception
Time: 10/29/2020 10:49:40 AM
Device name: DESKTOP-719H17I
Device model: TM1703 (Timi)
Operating system: Windows 10  (10.0.0) 64bit
System memory size: 8101
Device unique identifier: 3e0c258d62f89201513595ab0c1f714e227c13a2
Battery level: 0.78
Battery status: Discharging
Device type: Desktop
Processor count: 8
Processor frequency: 1992
Navigation state: CasesMenu
Game version: 1.1.0
Log string: InvalidCastException: Specified cast is not valid.
Stack trace: GPGSManager.ShowLeaderboard () (at Assets/Scripts/GPGSManager.cs:87)
TheRichestPlayers.OnButtonClicked () (at Assets/Scripts/Other/TheRichestPlayers.cs:9)
UnityEngine.Events.InvokableCall.Invoke () (at <bb4ed9929fe04849bbe2b059cba4d31f>:0)
UnityEngine.Events.UnityEvent.Invoke () (at <bb4ed9929fe04849bbe2b059cba4d31f>:0)
UnityEngine.UI.Button.Press () (at C:/Program Files/Unity/Hub/Editor/2020.1.11f1/Editor/Data/Resources/PackageManager/BuiltInPackages/com.unity.ugui/Runtime/UI/Core/Button.cs:68)
UnityEngine.UI.Button.OnPointerClick (UnityEngine.EventSystems.PointerEventData eventData) (at C:/Program Files/Unity/Hub/Editor/2020.1.11f1/Editor/Data/Resources/PackageManager/BuiltInPackages/com.unity.ugui/Runtime/UI/Core/Button.cs:110)
UnityEngine.EventSystems.ExecuteEvents.Execute (UnityEngine.EventSystems.IPointerClickHandler handler, UnityEngine.EventSystems.BaseEventData eventData) (at C:/Program Files/Unity/Hub/Editor/2020.1.11f1/Editor/Data/Resources/PackageManager/BuiltInPackages/com.unity.ugui/Runtime/EventSystem/ExecuteEvents.cs:50)
UnityEngine.EventSystems.ExecuteEvents.Execute[T] (UnityEngine.GameObject target, UnityEngine.EventSystems.BaseEventData eventData, UnityEngine.EventSystems.ExecuteEvents+EventFunction`1[T1] functor) (at C:/Program Files/Unity/Hub/Editor/2020.1.11f1/Editor/Data/Resources/PackageManager/BuiltInPackages/com.unity.ugui/Runtime/EventSystem/ExecuteEvents.cs:261)
UnityEngine.EventSystems.EventSystem:Update() (at C:/Program Files/Unity/Hub/Editor/2020.1.11f1/Editor/Data/Resources/PackageManager/BuiltInPackages/com.unity.ugui/Runtime/EventSystem/EventSystem.cs:376)

Log type: Exception
Time: 10/29/2020 10:49:40 AM
Device name: DESKTOP-719H17I
Device model: TM1703 (Timi)
Operating system: Windows 10  (10.0.0) 64bit
System memory size: 8101
Device unique identifier: 3e0c258d62f89201513595ab0c1f714e227c13a2
Battery level: 0.78
Battery status: Discharging
Device type: Desktop
Processor count: 8
Processor frequency: 1992
Navigation state: CasesMenu
Game version: 1.1.0
Log string: InvalidCastException: Specified cast is not valid.
Stack trace: GPGSManager.ShowLeaderboard () (at Assets/Scripts/GPGSManager.cs:87)
TheRichestPlayers.OnButtonClicked () (at Assets/Scripts/Other/TheRichestPlayers.cs:9)
UnityEngine.Events.InvokableCall.Invoke () (at <bb4ed9929fe04849bbe2b059cba4d31f>:0)
UnityEngine.Events.UnityEvent.Invoke () (at <bb4ed9929fe04849bbe2b059cba4d31f>:0)
UnityEngine.UI.Button.Press () (at C:/Program Files/Unity/Hub/Editor/2020.1.11f1/Editor/Data/Resources/PackageManager/BuiltInPackages/com.unity.ugui/Runtime/UI/Core/Button.cs:68)
UnityEngine.UI.Button.OnPointerClick (UnityEngine.EventSystems.PointerEventData eventData) (at C:/Program Files/Unity/Hub/Editor/2020.1.11f1/Editor/Data/Resources/PackageManager/BuiltInPackages/com.unity.ugui/Runtime/UI/Core/Button.cs:110)
UnityEngine.EventSystems.ExecuteEvents.Execute (UnityEngine.EventSystems.IPointerClickHandler handler, UnityEngine.EventSystems.BaseEventData eventData) (at C:/Program Files/Unity/Hub/Editor/2020.1.11f1/Editor/Data/Resources/PackageManager/BuiltInPackages/com.unity.ugui/Runtime/EventSystem/ExecuteEvents.cs:50)
UnityEngine.EventSystems.ExecuteEvents.Execute[T] (UnityEngine.GameObject target, UnityEngine.EventSystems.BaseEventData eventData, UnityEngine.EventSystems.ExecuteEvents+EventFunction`1[T1] functor) (at C:/Program Files/Unity/Hub/Editor/2020.1.11f1/Editor/Data/Resources/PackageManager/BuiltInPackages/com.unity.ugui/Runtime/EventSystem/ExecuteEvents.cs:261)
UnityEngine.EventSystems.EventSystem:Update() (at C:/Program Files/Unity/Hub/Editor/2020.1.11f1/Editor/Data/Resources/PackageManager/BuiltInPackages/com.unity.ugui/Runtime/EventSystem/EventSystem.cs:376)

Log type: Exception
Time: 10/29/2020 10:49:40 AM
Device name: DESKTOP-719H17I
Device model: TM1703 (Timi)
Operating system: Windows 10  (10.0.0) 64bit
System memory size: 8101
Device unique identifier: 3e0c258d62f89201513595ab0c1f714e227c13a2
Battery level: 0.78
Battery status: Discharging
Device type: Desktop
Processor count: 8
Processor frequency: 1992
Navigation state: CasesMenu
Game version: 1.1.0
Log string: InvalidCastException: Specified cast is not valid.
Stack trace: GPGSManager.ShowLeaderboard () (at Assets/Scripts/GPGSManager.cs:87)
TheRichestPlayers.OnButtonClicked () (at Assets/Scripts/Other/TheRichestPlayers.cs:9)
UnityEngine.Events.InvokableCall.Invoke () (at <bb4ed9929fe04849bbe2b059cba4d31f>:0)
UnityEngine.Events.UnityEvent.Invoke () (at <bb4ed9929fe04849bbe2b059cba4d31f>:0)
UnityEngine.UI.Button.Press () (at C:/Program Files/Unity/Hub/Editor/2020.1.11f1/Editor/Data/Resources/PackageManager/BuiltInPackages/com.unity.ugui/Runtime/UI/Core/Button.cs:68)
UnityEngine.UI.Button.OnPointerClick (UnityEngine.EventSystems.PointerEventData eventData) (at C:/Program Files/Unity/Hub/Editor/2020.1.11f1/Editor/Data/Resources/PackageManager/BuiltInPackages/com.unity.ugui/Runtime/UI/Core/Button.cs:110)
UnityEngine.EventSystems.ExecuteEvents.Execute (UnityEngine.EventSystems.IPointerClickHandler handler, UnityEngine.EventSystems.BaseEventData eventData) (at C:/Program Files/Unity/Hub/Editor/2020.1.11f1/Editor/Data/Resources/PackageManager/BuiltInPackages/com.unity.ugui/Runtime/EventSystem/ExecuteEvents.cs:50)
UnityEngine.EventSystems.ExecuteEvents.Execute[T] (UnityEngine.GameObject target, UnityEngine.EventSystems.BaseEventData eventData, UnityEngine.EventSystems.ExecuteEvents+EventFunction`1[T1] functor) (at C:/Program Files/Unity/Hub/Editor/2020.1.11f1/Editor/Data/Resources/PackageManager/BuiltInPackages/com.unity.ugui/Runtime/EventSystem/ExecuteEvents.cs:261)
UnityEngine.EventSystems.EventSystem:Update() (at C:/Program Files/Unity/Hub/Editor/2020.1.11f1/Editor/Data/Resources/PackageManager/BuiltInPackages/com.unity.ugui/Runtime/EventSystem/EventSystem.cs:376)

Log type: Exception
Time: 10/29/2020 10:49:41 AM
Device name: DESKTOP-719H17I
Device model: TM1703 (Timi)
Operating system: Windows 10  (10.0.0) 64bit
System memory size: 8101
Device unique identifier: 3e0c258d62f89201513595ab0c1f714e227c13a2
Battery level: 0.78
Battery status: Discharging
Device type: Desktop
Processor count: 8
Processor frequency: 1992
Navigation state: CasesMenu
Game version: 1.1.0
Log string: InvalidCastException: Specified cast is not valid.
Stack trace: GPGSManager.ShowLeaderboard () (at Assets/Scripts/GPGSManager.cs:87)
TheRichestPlayers.OnButtonClicked () (at Assets/Scripts/Other/TheRichestPlayers.cs:9)
UnityEngine.Events.InvokableCall.Invoke () (at <bb4ed9929fe04849bbe2b059cba4d31f>:0)
UnityEngine.Events.UnityEvent.Invoke () (at <bb4ed9929fe04849bbe2b059cba4d31f>:0)
UnityEngine.UI.Button.Press () (at C:/Program Files/Unity/Hub/Editor/2020.1.11f1/Editor/Data/Resources/PackageManager/BuiltInPackages/com.unity.ugui/Runtime/UI/Core/Button.cs:68)
UnityEngine.UI.Button.OnPointerClick (UnityEngine.EventSystems.PointerEventData eventData) (at C:/Program Files/Unity/Hub/Editor/2020.1.11f1/Editor/Data/Resources/PackageManager/BuiltInPackages/com.unity.ugui/Runtime/UI/Core/Button.cs:110)
UnityEngine.EventSystems.ExecuteEvents.Execute (UnityEngine.EventSystems.IPointerClickHandler handler, UnityEngine.EventSystems.BaseEventData eventData) (at C:/Program Files/Unity/Hub/Editor/2020.1.11f1/Editor/Data/Resources/PackageManager/BuiltInPackages/com.unity.ugui/Runtime/EventSystem/ExecuteEvents.cs:50)
UnityEngine.EventSystems.ExecuteEvents.Execute[T] (UnityEngine.GameObject target, UnityEngine.EventSystems.BaseEventData eventData, UnityEngine.EventSystems.ExecuteEvents+EventFunction`1[T1] functor) (at C:/Program Files/Unity/Hub/Editor/2020.1.11f1/Editor/Data/Resources/PackageManager/BuiltInPackages/com.unity.ugui/Runtime/EventSystem/ExecuteEvents.cs:261)
UnityEngine.EventSystems.EventSystem:Update() (at C:/Program Files/Unity/Hub/Editor/2020.1.11f1/Editor/Data/Resources/PackageManager/BuiltInPackages/com.unity.ugui/Runtime/EventSystem/EventSystem.cs:376)

Log type: Exception
Time: 10/29/2020 10:49:44 AM
Device name: DESKTOP-719H17I
Device model: TM1703 (Timi)
Operating system: Windows 10  (10.0.0) 64bit
System memory size: 8101
Device unique identifier: 3e0c258d62f89201513595ab0c1f714e227c13a2
Battery level: 0.78
Battery status: Discharging
Device type: Desktop
Processor count: 8
Processor frequency: 1992
Navigation state: CasesMenu
Game version: 1.1.0
Log string: InvalidCastException: Specified cast is not valid.
Stack trace: GPGSManager.ShowLeaderboard () (at Assets/Scripts/GPGSManager.cs:87)
TheRichestPlayers.OnButtonClicked () (at Assets/Scripts/Other/TheRichestPlayers.cs:9)
UnityEngine.Events.InvokableCall.Invoke () (at <bb4ed9929fe04849bbe2b059cba4d31f>:0)
UnityEngine.Events.UnityEvent.Invoke () (at <bb4ed9929fe04849bbe2b059cba4d31f>:0)
UnityEngine.UI.Button.Press () (at C:/Program Files/Unity/Hub/Editor/2020.1.11f1/Editor/Data/Resources/PackageManager/BuiltInPackages/com.unity.ugui/Runtime/UI/Core/Button.cs:68)
UnityEngine.UI.Button.OnPointerClick (UnityEngine.EventSystems.PointerEventData eventData) (at C:/Program Files/Unity/Hub/Editor/2020.1.11f1/Editor/Data/Resources/PackageManager/BuiltInPackages/com.unity.ugui/Runtime/UI/Core/Button.cs:110)
UnityEngine.EventSystems.ExecuteEvents.Execute (UnityEngine.EventSystems.IPointerClickHandler handler, UnityEngine.EventSystems.BaseEventData eventData) (at C:/Program Files/Unity/Hub/Editor/2020.1.11f1/Editor/Data/Resources/PackageManager/BuiltInPackages/com.unity.ugui/Runtime/EventSystem/ExecuteEvents.cs:50)
UnityEngine.EventSystems.ExecuteEvents.Execute[T] (UnityEngine.GameObject target, UnityEngine.EventSystems.BaseEventData eventData, UnityEngine.EventSystems.ExecuteEvents+EventFunction`1[T1] functor) (at C:/Program Files/Unity/Hub/Editor/2020.1.11f1/Editor/Data/Resources/PackageManager/BuiltInPackages/com.unity.ugui/Runtime/EventSystem/ExecuteEvents.cs:261)
UnityEngine.EventSystems.EventSystem:Update() (at C:/Program Files/Unity/Hub/Editor/2020.1.11f1/Editor/Data/Resources/PackageManager/BuiltInPackages/com.unity.ugui/Runtime/EventSystem/EventSystem.cs:376)

Log type: Error
Time: 10/29/2020 10:52:49 AM
Device name: DESKTOP-719H17I
Device model: TM1703 (Timi)
Operating system: Windows 10  (10.0.0) 64bit
System memory size: 8101
Device unique identifier: 3e0c258d62f89201513595ab0c1f714e227c13a2
Battery level: 0.77
Battery status: Discharging
Device type: Desktop
Processor count: 8
Processor frequency: 1992
Navigation state: CasesMenu
Game version: 1.1.0
Log string: Cannot find key "show_leadboard_error"
Stack trace: UnityEngine.Debug:LogError(Object)
LangManager:GetString(String) (at Assets/Scripts/LangManager.cs:16)
GPGSManager:ShowLeaderboard() (at Assets/Scripts/GPGSManager.cs:93)
TheRichestPlayers:OnButtonClicked() (at Assets/Scripts/Other/TheRichestPlayers.cs:9)
UnityEngine.EventSystems.EventSystem:Update() (at C:/Program Files/Unity/Hub/Editor/2020.1.11f1/Editor/Data/Resources/PackageManager/BuiltInPackages/com.unity.ugui/Runtime/EventSystem/EventSystem.cs:376)

Log type: Exception
Time: 10/29/2020 10:52:49 AM
Device name: DESKTOP-719H17I
Device model: TM1703 (Timi)
Operating system: Windows 10  (10.0.0) 64bit
System memory size: 8101
Device unique identifier: 3e0c258d62f89201513595ab0c1f714e227c13a2
Battery level: 0.77
Battery status: Discharging
Device type: Desktop
Processor count: 8
Processor frequency: 1992
Navigation state: CasesMenu
Game version: 1.1.0
Log string: KeyNotFoundException: The given key was not present in the dictionary.
Stack trace: System.Collections.Generic.Dictionary`2[TKey,TValue].get_Item (TKey key) (at <9577ac7a62ef43179789031239ba8798>:0)
LangManager.GetString (System.String key) (at Assets/Scripts/LangManager.cs:17)
GPGSManager.ShowLeaderboard () (at Assets/Scripts/GPGSManager.cs:93)
TheRichestPlayers.OnButtonClicked () (at Assets/Scripts/Other/TheRichestPlayers.cs:9)
UnityEngine.Events.InvokableCall.Invoke () (at <bb4ed9929fe04849bbe2b059cba4d31f>:0)
UnityEngine.Events.UnityEvent.Invoke () (at <bb4ed9929fe04849bbe2b059cba4d31f>:0)
UnityEngine.UI.Button.Press () (at C:/Program Files/Unity/Hub/Editor/2020.1.11f1/Editor/Data/Resources/PackageManager/BuiltInPackages/com.unity.ugui/Runtime/UI/Core/Button.cs:68)
UnityEngine.UI.Button.OnPointerClick (UnityEngine.EventSystems.PointerEventData eventData) (at C:/Program Files/Unity/Hub/Editor/2020.1.11f1/Editor/Data/Resources/PackageManager/BuiltInPackages/com.unity.ugui/Runtime/UI/Core/Button.cs:110)
UnityEngine.EventSystems.ExecuteEvents.Execute (UnityEngine.EventSystems.IPointerClickHandler handler, UnityEngine.EventSystems.BaseEventData eventData) (at C:/Program Files/Unity/Hub/Editor/2020.1.11f1/Editor/Data/Resources/PackageManager/BuiltInPackages/com.unity.ugui/Runtime/EventSystem/ExecuteEvents.cs:50)
UnityEngine.EventSystems.ExecuteEvents.Execute[T] (UnityEngine.GameObject target, UnityEngine.EventSystems.BaseEventData eventData, UnityEngine.EventSystems.ExecuteEvents+EventFunction`1[T1] functor) (at C:/Program Files/Unity/Hub/Editor/2020.1.11f1/Editor/Data/Resources/PackageManager/BuiltInPackages/com.unity.ugui/Runtime/EventSystem/ExecuteEvents.cs:261)
UnityEngine.EventSystems.EventSystem:Update() (at C:/Program Files/Unity/Hub/Editor/2020.1.11f1/Editor/Data/Resources/PackageManager/BuiltInPackages/com.unity.ugui/Runtime/EventSystem/EventSystem.cs:376)

Log type: Exception
Time: 11/28/2020 7:01:56 PM
Device name: DESKTOP-9E3NFFM
Device model: TM1703 (Timi)
Operating system: Windows 10  (10.0.0) 64bit
System memory size: 8101
Device unique identifier: 25d6c76b5f18a6a6fd5cfc918205dadd453983c7
Battery level: 0.99
Battery status: Discharging
Device type: Desktop
Processor count: 8
Processor frequency: 1992
Navigation state: CasesMenu
Game version: Alpha 1.1.0 - 0
Log string: NullReferenceException: Object reference not set to an instance of an object
Stack trace: ComputerScript.UpdateComputer () (at Assets/Scripts/ComputerScript.cs:375)
ComputerScript.Start () (at Assets/Scripts/ComputerScript.cs:146)

Log type: Exception
Time: 11/28/2020 7:50:56 PM
Device name: DESKTOP-9E3NFFM
Device model: TM1703 (Timi)
Operating system: Windows 10  (10.0.0) 64bit
System memory size: 8101
Device unique identifier: 25d6c76b5f18a6a6fd5cfc918205dadd453983c7
Battery level: 0.85
Battery status: Discharging
Device type: Desktop
Processor count: 8
Processor frequency: 1992
Navigation state: CasesMenu
Game version: Alpha 1.1.0 - 0
Log string: IndexOutOfRangeException: Index was outside the bounds of the array.
Stack trace: ComputerScript.UpdateComputer () (at Assets/Scripts/ComputerScript.cs:377)
ComputerScript.Start () (at Assets/Scripts/ComputerScript.cs:146)

